<?xml version="1.0" encoding="UTF-8"?>
<testsuite name="com.khkim.book.spring.web.HelloControllerTest" tests="2" skipped="0" failures="0" errors="0" timestamp="2020-02-28T05:48:15" hostname="LAPTOP-4RE5CM22" time="0.29">
  <properties/>
  <testcase name="helloDtoReturn" classname="com.khkim.book.spring.web.HelloControllerTest" time="0.283"/>
  <testcase name="helloIsReturn" classname="com.khkim.book.spring.web.HelloControllerTest" time="0.006"/>
  <system-out><![CDATA[14:48:12.888 [Test worker] DEBUG org.springframework.test.context.junit4.SpringJUnit4ClassRunner - SpringJUnit4ClassRunner constructor called with [class com.khkim.book.spring.web.HelloControllerTest]
14:48:12.897 [Test worker] DEBUG org.springframework.test.context.BootstrapUtils - Instantiating CacheAwareContextLoaderDelegate from class [org.springframework.test.context.cache.DefaultCacheAwareContextLoaderDelegate]
14:48:12.909 [Test worker] DEBUG org.springframework.test.context.BootstrapUtils - Instantiating BootstrapContext using constructor [public org.springframework.test.context.support.DefaultBootstrapContext(java.lang.Class,org.springframework.test.context.CacheAwareContextLoaderDelegate)]
14:48:12.936 [Test worker] DEBUG org.springframework.test.context.BootstrapUtils - Instantiating TestContextBootstrapper for test class [com.khkim.book.spring.web.HelloControllerTest] from class [org.springframework.boot.test.autoconfigure.web.servlet.WebMvcTestContextBootstrapper]
14:48:12.955 [Test worker] INFO org.springframework.boot.test.autoconfigure.web.servlet.WebMvcTestContextBootstrapper - Neither @ContextConfiguration nor @ContextHierarchy found for test class [com.khkim.book.spring.web.HelloControllerTest], using SpringBootContextLoader
14:48:12.959 [Test worker] DEBUG org.springframework.test.context.support.AbstractContextLoader - Did not detect default resource location for test class [com.khkim.book.spring.web.HelloControllerTest]: class path resource [com/khkim/book/spring/web/HelloControllerTest-context.xml] does not exist
14:48:12.959 [Test worker] DEBUG org.springframework.test.context.support.AbstractContextLoader - Did not detect default resource location for test class [com.khkim.book.spring.web.HelloControllerTest]: class path resource [com/khkim/book/spring/web/HelloControllerTestContext.groovy] does not exist
14:48:12.960 [Test worker] INFO org.springframework.test.context.support.AbstractContextLoader - Could not detect default resource locations for test class [com.khkim.book.spring.web.HelloControllerTest]: no resource found for suffixes {-context.xml, Context.groovy}.
14:48:12.960 [Test worker] INFO org.springframework.test.context.support.AnnotationConfigContextLoaderUtils - Could not detect default configuration classes for test class [com.khkim.book.spring.web.HelloControllerTest]: HelloControllerTest does not declare any static, non-private, non-final, nested classes annotated with @Configuration.
14:48:13.035 [Test worker] DEBUG org.springframework.test.context.support.ActiveProfilesUtils - Could not find an 'annotation declaring class' for annotation type [org.springframework.test.context.ActiveProfiles] and class [com.khkim.book.spring.web.HelloControllerTest]
14:48:13.129 [Test worker] DEBUG org.springframework.context.annotation.ClassPathScanningCandidateComponentProvider - Identified candidate component class: file [C:\work\study\intellij\book\SpringBootWithAWS\src\project\build\classes\java\main\com\khkim\book\spring\Application.class]
14:48:13.131 [Test worker] INFO org.springframework.boot.test.context.SpringBootTestContextBootstrapper - Found @SpringBootConfiguration com.khkim.book.spring.Application for test class com.khkim.book.spring.web.HelloControllerTest
14:48:13.133 [Test worker] DEBUG org.springframework.boot.test.autoconfigure.web.servlet.WebMvcTestContextBootstrapper - @TestExecutionListeners is not present for class [com.khkim.book.spring.web.HelloControllerTest]: using defaults.
14:48:13.134 [Test worker] INFO org.springframework.boot.test.autoconfigure.web.servlet.WebMvcTestContextBootstrapper - Loaded default TestExecutionListener class names from location [META-INF/spring.factories]: [org.springframework.security.test.context.support.WithSecurityContextTestExecutionListener, org.springframework.security.test.context.support.ReactorContextTestExecutionListener, org.springframework.boot.test.autoconfigure.restdocs.RestDocsTestExecutionListener, org.springframework.boot.test.autoconfigure.web.client.MockRestServiceServerResetTestExecutionListener, org.springframework.boot.test.autoconfigure.web.servlet.MockMvcPrintOnlyOnFailureTestExecutionListener, org.springframework.boot.test.autoconfigure.web.servlet.WebDriverTestExecutionListener, org.springframework.boot.test.mock.mockito.MockitoTestExecutionListener, org.springframework.boot.test.mock.mockito.ResetMocksTestExecutionListener, org.springframework.test.context.web.ServletTestExecutionListener, org.springframework.test.context.support.DirtiesContextBeforeModesTestExecutionListener, org.springframework.test.context.support.DependencyInjectionTestExecutionListener, org.springframework.test.context.support.DirtiesContextTestExecutionListener, org.springframework.test.context.transaction.TransactionalTestExecutionListener, org.springframework.test.context.jdbc.SqlScriptsTestExecutionListener]
14:48:13.160 [Test worker] INFO org.springframework.boot.test.autoconfigure.web.servlet.WebMvcTestContextBootstrapper - Using TestExecutionListeners: [org.springframework.test.context.web.ServletTestExecutionListener@5af97644, org.springframework.test.context.support.DirtiesContextBeforeModesTestExecutionListener@3b627fcc, org.springframework.boot.test.mock.mockito.MockitoTestExecutionListener@718076ba, org.springframework.boot.test.autoconfigure.SpringBootDependencyInjectionTestExecutionListener@44f3304d, org.springframework.test.context.support.DirtiesContextTestExecutionListener@55a935c1, org.springframework.test.context.transaction.TransactionalTestExecutionListener@7d9daca7, org.springframework.test.context.jdbc.SqlScriptsTestExecutionListener@fda3008, org.springframework.security.test.context.support.WithSecurityContextTestExecutionListener@52f618e6, org.springframework.security.test.context.support.ReactorContextTestExecutionListener@4e6d2844, org.springframework.boot.test.autoconfigure.restdocs.RestDocsTestExecutionListener@5e055dba, org.springframework.boot.test.autoconfigure.web.client.MockRestServiceServerResetTestExecutionListener@817c02, org.springframework.boot.test.autoconfigure.web.servlet.MockMvcPrintOnlyOnFailureTestExecutionListener@625275dc, org.springframework.boot.test.autoconfigure.web.servlet.WebDriverTestExecutionListener@45da5eda, org.springframework.boot.test.mock.mockito.ResetMocksTestExecutionListener@31462356]
14:48:13.163 [Test worker] DEBUG org.springframework.test.annotation.ProfileValueUtils - Retrieved @ProfileValueSourceConfiguration [null] for test class [com.khkim.book.spring.web.HelloControllerTest]
14:48:13.164 [Test worker] DEBUG org.springframework.test.annotation.ProfileValueUtils - Retrieved ProfileValueSource type [class org.springframework.test.annotation.SystemProfileValueSource] for class [com.khkim.book.spring.web.HelloControllerTest]
14:48:13.165 [Test worker] DEBUG org.springframework.test.annotation.ProfileValueUtils - Retrieved @ProfileValueSourceConfiguration [null] for test class [com.khkim.book.spring.web.HelloControllerTest]
14:48:13.165 [Test worker] DEBUG org.springframework.test.annotation.ProfileValueUtils - Retrieved ProfileValueSource type [class org.springframework.test.annotation.SystemProfileValueSource] for class [com.khkim.book.spring.web.HelloControllerTest]
14:48:13.169 [Test worker] DEBUG org.springframework.test.context.support.AbstractDirtiesContextTestExecutionListener - Before test class: context [DefaultTestContext@6a03f32f testClass = HelloControllerTest, testInstance = [null], testMethod = [null], testException = [null], mergedContextConfiguration = [WebMergedContextConfiguration@7f8096fd testClass = HelloControllerTest, locations = '{}', classes = '{class com.khkim.book.spring.Application}', contextInitializerClasses = '[]', activeProfiles = '{}', propertySourceLocations = '{}', propertySourceProperties = '{org.springframework.boot.test.autoconfigure.web.servlet.WebMvcTestContextBootstrapper=true}', contextCustomizers = set[org.springframework.boot.test.autoconfigure.OverrideAutoConfigurationContextCustomizerFactory$DisableAutoConfigurationContextCustomizer@2910bb9d, org.springframework.boot.test.autoconfigure.filter.TypeExcludeFiltersContextCustomizer@63ad266, org.springframework.boot.test.autoconfigure.properties.PropertyMappingContextCustomizer@a0e5e000, org.springframework.boot.test.autoconfigure.web.servlet.WebDriverContextCustomizerFactory$Customizer@4dd2a948, [ImportsContextCustomizer@635d4f6 key = [org.springframework.boot.autoconfigure.cache.CacheAutoConfiguration, org.springframework.boot.autoconfigure.context.MessageSourceAutoConfiguration, org.springframework.boot.autoconfigure.data.web.SpringDataWebAutoConfiguration, org.springframework.boot.autoconfigure.freemarker.FreeMarkerAutoConfiguration, org.springframework.boot.autoconfigure.groovy.template.GroovyTemplateAutoConfiguration, org.springframework.boot.autoconfigure.gson.GsonAutoConfiguration, org.springframework.boot.autoconfigure.hateoas.HypermediaAutoConfiguration, org.springframework.boot.autoconfigure.http.HttpMessageConvertersAutoConfiguration, org.springframework.boot.autoconfigure.jackson.JacksonAutoConfiguration, org.springframework.boot.autoconfigure.jsonb.JsonbAutoConfiguration, org.springframework.boot.autoconfigure.mustache.MustacheAutoConfiguration, org.springframework.boot.autoconfigure.task.TaskExecutionAutoConfiguration, org.springframework.boot.autoconfigure.thymeleaf.ThymeleafAutoConfiguration, org.springframework.boot.autoconfigure.validation.ValidationAutoConfiguration, org.springframework.boot.autoconfigure.web.servlet.error.ErrorMvcAutoConfiguration, org.springframework.boot.autoconfigure.web.servlet.WebMvcAutoConfiguration, org.springframework.boot.test.autoconfigure.web.servlet.MockMvcAutoConfiguration, org.springframework.boot.test.autoconfigure.web.servlet.MockMvcSecurityAutoConfiguration, org.springframework.boot.test.autoconfigure.web.servlet.MockMvcWebClientAutoConfiguration, org.springframework.boot.test.autoconfigure.web.servlet.MockMvcWebDriverAutoConfiguration]], org.springframework.boot.test.context.filter.ExcludeFilterContextCustomizer@4fa379bc, org.springframework.boot.test.json.DuplicateJsonObjectContextCustomizerFactory$DuplicateJsonObjectContextCustomizer@754c83e1, org.springframework.boot.test.mock.mockito.MockitoContextCustomizer@0], resourceBasePath = 'src/main/webapp', contextLoader = 'org.springframework.boot.test.context.SpringBootContextLoader', parent = [null]], attributes = map[[empty]]], class annotated with @DirtiesContext [false] with mode [null].
14:48:13.171 [Test worker] DEBUG org.springframework.test.annotation.ProfileValueUtils - Retrieved @ProfileValueSourceConfiguration [null] for test class [com.khkim.book.spring.web.HelloControllerTest]
14:48:13.171 [Test worker] DEBUG org.springframework.test.annotation.ProfileValueUtils - Retrieved ProfileValueSource type [class org.springframework.test.annotation.SystemProfileValueSource] for class [com.khkim.book.spring.web.HelloControllerTest]
14:48:13.175 [Test worker] DEBUG org.springframework.test.context.support.DependencyInjectionTestExecutionListener - Performing dependency injection for test context [[DefaultTestContext@6a03f32f testClass = HelloControllerTest, testInstance = com.khkim.book.spring.web.HelloControllerTest@52cd4e94, testMethod = [null], testException = [null], mergedContextConfiguration = [WebMergedContextConfiguration@7f8096fd testClass = HelloControllerTest, locations = '{}', classes = '{class com.khkim.book.spring.Application}', contextInitializerClasses = '[]', activeProfiles = '{}', propertySourceLocations = '{}', propertySourceProperties = '{org.springframework.boot.test.autoconfigure.web.servlet.WebMvcTestContextBootstrapper=true}', contextCustomizers = set[org.springframework.boot.test.autoconfigure.OverrideAutoConfigurationContextCustomizerFactory$DisableAutoConfigurationContextCustomizer@2910bb9d, org.springframework.boot.test.autoconfigure.filter.TypeExcludeFiltersContextCustomizer@63ad266, org.springframework.boot.test.autoconfigure.properties.PropertyMappingContextCustomizer@a0e5e000, org.springframework.boot.test.autoconfigure.web.servlet.WebDriverContextCustomizerFactory$Customizer@4dd2a948, [ImportsContextCustomizer@635d4f6 key = [org.springframework.boot.autoconfigure.cache.CacheAutoConfiguration, org.springframework.boot.autoconfigure.context.MessageSourceAutoConfiguration, org.springframework.boot.autoconfigure.data.web.SpringDataWebAutoConfiguration, org.springframework.boot.autoconfigure.freemarker.FreeMarkerAutoConfiguration, org.springframework.boot.autoconfigure.groovy.template.GroovyTemplateAutoConfiguration, org.springframework.boot.autoconfigure.gson.GsonAutoConfiguration, org.springframework.boot.autoconfigure.hateoas.HypermediaAutoConfiguration, org.springframework.boot.autoconfigure.http.HttpMessageConvertersAutoConfiguration, org.springframework.boot.autoconfigure.jackson.JacksonAutoConfiguration, org.springframework.boot.autoconfigure.jsonb.JsonbAutoConfiguration, org.springframework.boot.autoconfigure.mustache.MustacheAutoConfiguration, org.springframework.boot.autoconfigure.task.TaskExecutionAutoConfiguration, org.springframework.boot.autoconfigure.thymeleaf.ThymeleafAutoConfiguration, org.springframework.boot.autoconfigure.validation.ValidationAutoConfiguration, org.springframework.boot.autoconfigure.web.servlet.error.ErrorMvcAutoConfiguration, org.springframework.boot.autoconfigure.web.servlet.WebMvcAutoConfiguration, org.springframework.boot.test.autoconfigure.web.servlet.MockMvcAutoConfiguration, org.springframework.boot.test.autoconfigure.web.servlet.MockMvcSecurityAutoConfiguration, org.springframework.boot.test.autoconfigure.web.servlet.MockMvcWebClientAutoConfiguration, org.springframework.boot.test.autoconfigure.web.servlet.MockMvcWebDriverAutoConfiguration]], org.springframework.boot.test.context.filter.ExcludeFilterContextCustomizer@4fa379bc, org.springframework.boot.test.json.DuplicateJsonObjectContextCustomizerFactory$DuplicateJsonObjectContextCustomizer@754c83e1, org.springframework.boot.test.mock.mockito.MockitoContextCustomizer@0], resourceBasePath = 'src/main/webapp', contextLoader = 'org.springframework.boot.test.context.SpringBootContextLoader', parent = [null]], attributes = map[[empty]]]].
14:48:13.303 [Test worker] DEBUG org.springframework.test.context.support.TestPropertySourceUtils - Adding inlined properties to environment: {spring.jmx.enabled=false, org.springframework.boot.test.autoconfigure.web.servlet.WebMvcTestContextBootstrapper=true, server.port=-1}

  .   ____          _            __ _ _
 /\\ / ___'_ __ _ _(_)_ __  __ _ \ \ \ \
( ( )\___ | '_ | '_| | '_ \/ _` | \ \ \ \
 \\/  ___)| |_)| | | | | || (_| |  ) ) ) )
  '  |____| .__|_| |_|_| |_\__, | / / / /
 =========|_|==============|___/=/_/_/_/
 :: Spring Boot ::        (v2.1.9.RELEASE)

2020-02-28 14:48:13.582  INFO 1592 --- [    Test worker] c.k.book.spring.web.HelloControllerTest  : Starting HelloControllerTest on LAPTOP-4RE5CM22 with PID 1592 (started by khkim in C:\work\study\intellij\book\SpringBootWithAWS\src\project)
2020-02-28 14:48:13.585  INFO 1592 --- [    Test worker] c.k.book.spring.web.HelloControllerTest  : No active profile set, falling back to default profiles: default
2020-02-28 14:48:15.152  INFO 1592 --- [    Test worker] o.s.s.concurrent.ThreadPoolTaskExecutor  : Initializing ExecutorService 'applicationTaskExecutor'
2020-02-28 14:48:15.244  INFO 1592 --- [    Test worker] o.s.b.a.w.s.WelcomePageHandlerMapping    : Adding welcome page template: index
2020-02-28 14:48:15.585  INFO 1592 --- [    Test worker] .s.s.UserDetailsServiceAutoConfiguration : 

Using generated security password: 513b3a85-292d-4ebe-ba93-9039343daf3e

2020-02-28 14:48:15.861  INFO 1592 --- [    Test worker] o.s.s.web.DefaultSecurityFilterChain     : Creating filter chain: any request, [org.springframework.security.web.context.request.async.WebAsyncManagerIntegrationFilter@280eb5c8, org.springframework.security.web.context.SecurityContextPersistenceFilter@7d542364, org.springframework.security.web.header.HeaderWriterFilter@68530805, org.springframework.security.web.csrf.CsrfFilter@9178935, org.springframework.security.web.authentication.logout.LogoutFilter@45dbf572, org.springframework.security.web.authentication.UsernamePasswordAuthenticationFilter@a7cac5a, org.springframework.security.web.authentication.ui.DefaultLoginPageGeneratingFilter@87e2d7e, org.springframework.security.web.authentication.ui.DefaultLogoutPageGeneratingFilter@33a5a0d1, org.springframework.security.web.authentication.www.BasicAuthenticationFilter@58d9e897, org.springframework.security.web.savedrequest.RequestCacheAwareFilter@50e8fb9, org.springframework.security.web.servletapi.SecurityContextHolderAwareRequestFilter@7ed60ff7, org.springframework.security.web.authentication.AnonymousAuthenticationFilter@762438af, org.springframework.security.web.session.SessionManagementFilter@19adbc7f, org.springframework.security.web.access.ExceptionTranslationFilter@30711f2a, org.springframework.security.web.access.intercept.FilterSecurityInterceptor@a5b8dc1]
2020-02-28 14:48:15.911  INFO 1592 --- [    Test worker] o.s.b.t.m.w.SpringBootMockServletContext : Initializing Spring TestDispatcherServlet ''
2020-02-28 14:48:15.911  INFO 1592 --- [    Test worker] o.s.t.web.servlet.TestDispatcherServlet  : Initializing Servlet ''
2020-02-28 14:48:15.931  INFO 1592 --- [    Test worker] o.s.t.web.servlet.TestDispatcherServlet  : Completed initialization in 20 ms
2020-02-28 14:48:15.987  INFO 1592 --- [    Test worker] c.k.book.spring.web.HelloControllerTest  : Started HelloControllerTest in 2.676 seconds (JVM running for 3.896)
]]></system-out>
  <system-err><![CDATA[]]></system-err>
</testsuite>
